Determining if the pthread_create exist failed with the following output:
Change Dir: /home/li/PCL/kinect_class/build/CMakeFiles/CMakeTmp

Run Build Command:"/usr/bin/make" "cmTC_9bfd8/fast"
/usr/bin/make -f CMakeFiles/cmTC_9bfd8.dir/build.make CMakeFiles/cmTC_9bfd8.dir/build
make[1]: Entering directory '/home/li/PCL/kinect_class/build/CMakeFiles/CMakeTmp'
Building CXX object CMakeFiles/cmTC_9bfd8.dir/CheckSymbolExists.cxx.o
/usr/bin/g++-5     -std=c++11 -march=native -DWITH_PCL    -o CMakeFiles/cmTC_9bfd8.dir/CheckSymbolExists.cxx.o -c /home/li/PCL/kinect_class/build/CMakeFiles/CMakeTmp/CheckSymbolExists.cxx
Linking CXX executable cmTC_9bfd8
/usr/bin/cmake -E cmake_link_script CMakeFiles/cmTC_9bfd8.dir/link.txt --verbose=1
/usr/bin/g++-5    -std=c++11 -march=native -DWITH_PCL     CMakeFiles/cmTC_9bfd8.dir/CheckSymbolExists.cxx.o  -o cmTC_9bfd8 -rdynamic 
CMakeFiles/cmTC_9bfd8.dir/CheckSymbolExists.cxx.o：在函数‘main’中：
CheckSymbolExists.cxx:(.text+0x16)：对‘pthread_create’未定义的引用
collect2: error: ld returned 1 exit status
CMakeFiles/cmTC_9bfd8.dir/build.make:97: recipe for target 'cmTC_9bfd8' failed
make[1]: *** [cmTC_9bfd8] Error 1
make[1]: Leaving directory '/home/li/PCL/kinect_class/build/CMakeFiles/CMakeTmp'
Makefile:126: recipe for target 'cmTC_9bfd8/fast' failed
make: *** [cmTC_9bfd8/fast] Error 2

File /home/li/PCL/kinect_class/build/CMakeFiles/CMakeTmp/CheckSymbolExists.cxx:
/* */
#include <pthread.h>

int main(int argc, char** argv)
{
  (void)argv;
#ifndef pthread_create
  return ((int*)(&pthread_create))[argc];
#else
  (void)argc;
  return 0;
#endif
}

Determining if the function pthread_create exists in the pthreads failed with the following output:
Change Dir: /home/li/PCL/kinect_class/build/CMakeFiles/CMakeTmp

Run Build Command:"/usr/bin/make" "cmTC_92e00/fast"
/usr/bin/make -f CMakeFiles/cmTC_92e00.dir/build.make CMakeFiles/cmTC_92e00.dir/build
make[1]: Entering directory '/home/li/PCL/kinect_class/build/CMakeFiles/CMakeTmp'
Building CXX object CMakeFiles/cmTC_92e00.dir/CheckFunctionExists.cxx.o
/usr/bin/g++-5     -std=c++11 -march=native -DWITH_PCL -DCHECK_FUNCTION_EXISTS=pthread_create   -o CMakeFiles/cmTC_92e00.dir/CheckFunctionExists.cxx.o -c /home/li/PCL/kinect_class/build/CMakeFiles/CheckLibraryExists/CheckFunctionExists.cxx
Linking CXX executable cmTC_92e00
/usr/bin/cmake -E cmake_link_script CMakeFiles/cmTC_92e00.dir/link.txt --verbose=1
/usr/bin/g++-5    -std=c++11 -march=native -DWITH_PCL -DCHECK_FUNCTION_EXISTS=pthread_create    CMakeFiles/cmTC_92e00.dir/CheckFunctionExists.cxx.o  -o cmTC_92e00 -rdynamic -lpthreads 
/usr/bin/ld: 找不到 -lpthreads
collect2: error: ld returned 1 exit status
CMakeFiles/cmTC_92e00.dir/build.make:97: recipe for target 'cmTC_92e00' failed
make[1]: *** [cmTC_92e00] Error 1
make[1]: Leaving directory '/home/li/PCL/kinect_class/build/CMakeFiles/CMakeTmp'
Makefile:126: recipe for target 'cmTC_92e00/fast' failed
make: *** [cmTC_92e00/fast] Error 2


